<?xml version="1.0" encoding="UTF-8"?>
<!-- Generated by org.testng.reporters.JUnitXMLReporter -->
<testsuite hostname="DESKTOP-S8LS5RG" name="Test" tests="1" failures="1" timestamp="23 Jun 2020 02:52:39 GMT" time="70.14" errors="0">
  <testcase name="Selectbycategry" time="14.864" classname="com.oneDayCart.testScripts.SelectbyCategory">
    <failure type="java.lang.AssertionError" message="expected [true] but found [false]">
      <![CDATA[java.lang.AssertionError: expected [true] but found [false]
	at com.oneDayCart.PageObject.Groceriesandstaples.addbyCatogry(Groceriesandstaples.java:132)
	at com.oneDayCart.testScripts.SelectbyCategory.Selectbycategry(SelectbyCategory.java:17)
... Removed 28 stack frames]]>
    </failure>
  </testcase> <!-- Selectbycategry -->
</testsuite> <!-- Test -->
