<?xml version="1.0" encoding="UTF-8"?>
<testng-results skipped="0" failed="1" total="1" passed="0">
  <reporter-output>
    <line>
      <![CDATA[Browser is launched]]>
    </line>
    <line>
      <![CDATA[enter url]]>
    </line>
    <line>
      <![CDATA[click on logIn link]]>
    </line>
    <line>
      <![CDATA[enter email and password]]>
    </line>
    <line>
      <![CDATA[click on logOut Link]]>
    </line>
    <line>
      <![CDATA[browser closed]]>
    </line>
  </reporter-output>
  <suite name="Suite" duration-ms="70140" started-at="2020-06-23T02:51:28Z" finished-at="2020-06-23T02:52:39Z">
    <groups>
    </groups>
    <test name="Test" duration-ms="70140" started-at="2020-06-23T02:51:28Z" finished-at="2020-06-23T02:52:39Z">
      <class name="com.oneDayCart.testScripts.SelectbyCategory">
        <test-method status="PASS" signature="configBC()[pri:0, instance:com.oneDayCart.testScripts.SelectbyCategory@2a18f23c]" name="configBC" is-config="true" duration-ms="43986" started-at="2020-06-23T08:21:28Z" finished-at="2020-06-23T08:22:12Z">
          <reporter-output>
            <line>
              <![CDATA[Browser is launched]]>
            </line>
            <line>
              <![CDATA[enter url]]>
            </line>
          </reporter-output>
        </test-method> <!-- configBC -->
        <test-method status="PASS" signature="configBM()[pri:0, instance:com.oneDayCart.testScripts.SelectbyCategory@2a18f23c]" name="configBM" is-config="true" duration-ms="6304" started-at="2020-06-23T08:22:12Z" finished-at="2020-06-23T08:22:19Z">
          <reporter-output>
            <line>
              <![CDATA[click on logIn link]]>
            </line>
            <line>
              <![CDATA[enter email and password]]>
            </line>
          </reporter-output>
        </test-method> <!-- configBM -->
        <test-method status="FAIL" signature="Selectbycategry()[pri:0, instance:com.oneDayCart.testScripts.SelectbyCategory@2a18f23c]" name="Selectbycategry" duration-ms="14864" started-at="2020-06-23T08:22:19Z" finished-at="2020-06-23T08:22:34Z">
          <exception class="java.lang.AssertionError">
            <message>
              <![CDATA[expected [true] but found [false]]]>
            </message>
            <full-stacktrace>
              <![CDATA[java.lang.AssertionError: expected [true] but found [false]
	at org.testng.Assert.fail(Assert.java:94)
	at org.testng.Assert.failNotEquals(Assert.java:513)
	at org.testng.Assert.assertTrue(Assert.java:42)
	at org.testng.Assert.assertTrue(Assert.java:52)
	at com.oneDayCart.PageObject.Groceriesandstaples.addbyCatogry(Groceriesandstaples.java:132)
	at com.oneDayCart.testScripts.SelectbyCategory.Selectbycategry(SelectbyCategory.java:17)
	at sun.reflect.NativeMethodAccessorImpl.invoke0(Native Method)
	at sun.reflect.NativeMethodAccessorImpl.invoke(Unknown Source)
	at sun.reflect.DelegatingMethodAccessorImpl.invoke(Unknown Source)
	at java.lang.reflect.Method.invoke(Unknown Source)
	at org.testng.internal.MethodInvocationHelper.invokeMethod(MethodInvocationHelper.java:86)
	at org.testng.internal.Invoker.invokeMethod(Invoker.java:645)
	at org.testng.internal.Invoker.invokeTestMethod(Invoker.java:822)
	at org.testng.internal.Invoker.invokeTestMethods(Invoker.java:1130)
	at org.testng.internal.TestMethodWorker.invokeTestMethods(TestMethodWorker.java:129)
	at org.testng.internal.TestMethodWorker.run(TestMethodWorker.java:112)
	at org.testng.TestRunner.privateRun(TestRunner.java:782)
	at org.testng.TestRunner.run(TestRunner.java:632)
	at org.testng.SuiteRunner.runTest(SuiteRunner.java:366)
	at org.testng.SuiteRunner.runSequentially(SuiteRunner.java:361)
	at org.testng.SuiteRunner.privateRun(SuiteRunner.java:319)
	at org.testng.SuiteRunner.run(SuiteRunner.java:268)
	at org.testng.SuiteRunnerWorker.runSuite(SuiteRunnerWorker.java:52)
	at org.testng.SuiteRunnerWorker.run(SuiteRunnerWorker.java:86)
	at org.testng.TestNG.runSuitesSequentially(TestNG.java:1244)
	at org.testng.TestNG.runSuitesLocally(TestNG.java:1169)
	at org.testng.TestNG.run(TestNG.java:1064)
	at org.testng.remote.RemoteTestNG.run(RemoteTestNG.java:113)
	at org.testng.remote.RemoteTestNG.initAndRun(RemoteTestNG.java:206)
	at org.testng.remote.RemoteTestNG.main(RemoteTestNG.java:177)
]]>
            </full-stacktrace>
          </exception> <!-- java.lang.AssertionError -->
          <reporter-output>
          </reporter-output>
        </test-method> <!-- Selectbycategry -->
        <test-method status="PASS" signature="configAM()[pri:0, instance:com.oneDayCart.testScripts.SelectbyCategory@2a18f23c]" name="configAM" is-config="true" duration-ms="312" started-at="2020-06-23T08:22:34Z" finished-at="2020-06-23T08:22:34Z">
          <reporter-output>
            <line>
              <![CDATA[click on logOut Link]]>
            </line>
          </reporter-output>
        </test-method> <!-- configAM -->
        <test-method status="PASS" signature="configAC()[pri:0, instance:com.oneDayCart.testScripts.SelectbyCategory@2a18f23c]" name="configAC" is-config="true" duration-ms="4129" started-at="2020-06-23T08:22:34Z" finished-at="2020-06-23T08:22:39Z">
          <reporter-output>
            <line>
              <![CDATA[browser closed]]>
            </line>
          </reporter-output>
        </test-method> <!-- configAC -->
      </class> <!-- com.oneDayCart.testScripts.SelectbyCategory -->
    </test> <!-- Test -->
  </suite> <!-- Suite -->
</testng-results>
